starting log: 22/08/13 12:05
leaf stability
starting log: 22/08/13 12:05
leaf stability
starting log: 22/08/13 12:06
leaf stability
in filename: ./adephaga/nopruneref.tre
starting log: 22/08/13 12:09
leaf stability
in filename: ./adephaga/nopruneref.tre
starting log: 22/08/13 12:09
leaf stability
in filename: ./adnet/nopruneref.tre
starting log: 22/08/13 12:09
leaf stability
in filename: ./ahyong06/nopruneref.tre
starting log: 22/08/13 12:09
leaf stability
in filename: ./apesteg/nopruneref.tre
starting log: 22/08/13 12:09
leaf stability
in filename: ./arango7/nopruneref.tre
starting log: 22/08/13 12:09
leaf stability
in filename: ./archostemata/nopruneref.tre
starting log: 22/08/13 12:09
leaf stability
in filename: ./asher03/nopruneref.tre
starting log: 22/08/13 12:09
leaf stability
in filename: ./fordyce/nopruneref.tre
starting log: 22/08/13 12:09
leaf stability
in filename: ./fried08/nopruneref.tre
starting log: 22/08/13 12:09
leaf stability
in filename: ./gaffney11/nopruneref.tre
starting log: 22/08/13 12:09
leaf stability
in filename: ./babot/nopruneref.tre
starting log: 22/08/13 12:09
leaf stability
in filename: ./garwood/nopruneref.tre
starting log: 22/08/13 12:09
leaf stability
in filename: ./beard/nopruneref.tre
starting log: 22/08/13 12:09
leaf stability
in filename: ./bisconti/nopruneref.tre
starting log: 22/08/13 12:09
leaf stability
in filename: ./blag9/nopruneref.tre
starting log: 22/08/13 12:09
leaf stability
in filename: ./blago4/nopruneref.tre
starting log: 22/08/13 12:09
leaf stability
in filename: ./bloch/nopruneref.tre
starting log: 22/08/13 12:09
leaf stability
in filename: ./boess/nopruneref.tre
starting log: 22/08/13 12:09
leaf stability
in filename: ./bouetel/nopruneref.tre
starting log: 22/08/13 12:09
leaf stability
in filename: ./bourdon/nopruneref.tre
starting log: 22/08/13 12:09
leaf stability
in filename: ./brochu10hornedcrocs/nopruneref.tre
starting log: 22/08/13 12:09
leaf stability
in filename: ./manos/nopruneref.tre
starting log: 22/08/13 12:09
leaf stability
in filename: ./mayr05/nopruneref.tre
starting log: 22/08/13 12:09
leaf stability
in filename: ./mayr11/nopruneref.tre
starting log: 22/08/13 12:09
leaf stability
in filename: ./mayrea10/nopruneref.tre
starting log: 22/08/13 12:09
leaf stability
in filename: ./mihalovic/nopruneref.tre
starting log: 22/08/13 12:09
leaf stability
in filename: ./gaudin/nopruneref.tre
starting log: 22/08/13 12:09
leaf stability
in filename: ./gilbert/nopruneref.tre
starting log: 22/08/13 12:09
leaf stability
in filename: ./oleary/nopruneref.tre
starting log: 22/08/13 12:09
leaf stability
in filename: ./greenwood/nopruneref.tre
starting log: 22/08/13 12:09
leaf stability
in filename: ./guanghui/nopruneref.tre
starting log: 22/08/13 12:09
leaf stability
in filename: ./hill/nopruneref.tre
starting log: 22/08/13 12:09
leaf stability
in filename: ./perrichot09/nopruneref.tre
starting log: 22/08/13 12:09
leaf stability
in filename: ./pines/nopruneref.tre
starting log: 22/08/13 12:09
leaf stability
in filename: ./poyato/nopruneref.tre
starting log: 22/08/13 12:09
leaf stability
in filename: ./pradel/nopruneref.tre
starting log: 22/08/13 12:09
leaf stability
in filename: ./prideaux/nopruneref.tre
starting log: 22/08/13 12:09
leaf stability
in filename: ./puertolas/nopruneref.tre
starting log: 22/08/13 12:10
leaf stability
in filename: ./hilton/nopruneref.tre
starting log: 22/08/13 12:10
leaf stability
in filename: ./hospital/nopruneref.tre
starting log: 22/08/13 12:10
leaf stability
in filename: ./hurley/nopruneref.tre
starting log: 22/08/13 12:10
leaf stability
in filename: ./hutchinson/nopruneref.tre
starting log: 22/08/13 12:10
leaf stability
in filename: ./sigwart/nopruneref.tre
starting log: 22/08/13 12:10
leaf stability
in filename: ./simm08/nopruneref.tre
starting log: 22/08/13 12:10
leaf stability
in filename: ./joyce7/nopruneref.tre
starting log: 22/08/13 12:10
leaf stability
in filename: ./skutchas/nopruneref.tre
starting log: 22/08/13 12:10
leaf stability
in filename: ./smith10/nopruneref.tre
starting log: 22/08/13 12:10
leaf stability
in filename: ./smith11/nopruneref.tre
starting log: 22/08/13 12:10
leaf stability
in filename: ./kara11/nopruneref.tre
starting log: 22/08/13 12:10
leaf stability
in filename: ./spaul/nopruneref.tre
starting log: 22/08/13 12:10
leaf stability
in filename: ./karasawa/nopruneref.tre
starting log: 22/08/13 12:10
leaf stability
in filename: ./klug/nopruneref.tre
starting log: 22/08/13 12:10
leaf stability
in filename: ./trueb/nopruneref.tre
starting log: 22/08/13 12:10
leaf stability
in filename: ./vea/nopruneref.tre
starting log: 22/08/13 12:10
leaf stability
in filename: ./kparrots/nopruneref.tre
starting log: 22/08/13 12:10
leaf stability
in filename: ./ksepka/nopruneref.tre
starting log: 22/08/13 12:10
leaf stability
in filename: ./lambert_seals/nopruneref.tre
starting log: 22/08/13 12:10
leaf stability
in filename: ./lambert13/nopruneref.tre
starting log: 22/08/13 12:10
leaf stability
in filename: ./legg/nopruneref.tre
starting log: 22/08/13 12:10
leaf stability
in filename: ./vlihel/nopruneref.tre
starting log: 22/08/13 12:10
leaf stability
in filename: ./claeson/nopruneref.tre
starting log: 22/08/13 12:10
leaf stability
in filename: ./clarke9/nopruneref.tre
starting log: 22/08/13 12:10
leaf stability
in filename: ./deng/nopruneref.tre
starting log: 22/08/13 12:10
leaf stability
in filename: ./dietz/nopruneref.tre
starting log: 22/08/13 12:10
leaf stability
in filename: ./diogo7/nopruneref.tre
starting log: 22/08/13 12:11
leaf stability
in filename: ./li07/nopruneref.tre
starting log: 22/08/13 12:11
leaf stability
in filename: ./lopezRhizo/nopruneref.tre
starting log: 22/08/13 12:11
leaf stability
in filename: ./waterfowl/nopruneref.tre
starting log: 22/08/13 12:12
leaf stability
in filename: ./luo11/nopruneref.tre
starting log: 22/08/13 12:12
leaf stability
in filename: ./whitlock10/nopruneref.tre
starting log: 22/08/13 12:12
leaf stability
in filename: ./worthy/nopruneref.tre
starting log: 22/08/13 12:12
leaf stability
in filename: ./zhang6/nopruneref.tre
starting log: 22/08/13 12:14
leaf stability
in filename: ./diogo8/nopruneref.tre
starting log: 22/08/13 12:14
leaf stability
in filename: ./evanidae/nopruneref.tre
starting log: 22/08/13 12:14
leaf stability
in filename: ./fika/nopruneref.tre
